[19-Feb-2018 10:02:19 UTC] PHP Warning:  require(functions.php): failed to open stream: No such file or directory in /home/ubuntu/workspace/trollwebs-backend-test/exercise1/index.php on line 3
[19-Feb-2018 10:02:19 UTC] PHP Stack trace:
[19-Feb-2018 10:02:19 UTC] PHP   1. {main}() /home/ubuntu/workspace/trollwebs-backend-test/exercise1/index.php:0
[19-Feb-2018 10:02:19 UTC] PHP Fatal error:  require(): Failed opening required 'functions.php' (include_path='.:/usr/share/php:/usr/share/pear') in /home/ubuntu/workspace/trollwebs-backend-test/exercise1/index.php on line 3
[19-Feb-2018 10:02:19 UTC] PHP Stack trace:
[19-Feb-2018 10:02:19 UTC] PHP   1. {main}() /home/ubuntu/workspace/trollwebs-backend-test/exercise1/index.php:0
[19-Feb-2018 10:02:53 UTC] PHP Warning:  include(template/template.php): failed to open stream: No such file or directory in /home/ubuntu/workspace/trollwebs-backend-test/exercise1/functions.php on line 68
[19-Feb-2018 10:02:53 UTC] PHP Stack trace:
[19-Feb-2018 10:02:53 UTC] PHP   1. {main}() /home/ubuntu/workspace/trollwebs-backend-test/exercise1/index.php:0
[19-Feb-2018 10:02:53 UTC] PHP   2. run() /home/ubuntu/workspace/trollwebs-backend-test/exercise1/index.php:4
[19-Feb-2018 10:02:53 UTC] PHP Warning:  include(): Failed opening 'template/template.php' for inclusion (include_path='.:/usr/share/php:/usr/share/pear') in /home/ubuntu/workspace/trollwebs-backend-test/exercise1/functions.php on line 68
[19-Feb-2018 10:02:53 UTC] PHP Stack trace:
[19-Feb-2018 10:02:53 UTC] PHP   1. {main}() /home/ubuntu/workspace/trollwebs-backend-test/exercise1/index.php:0
[19-Feb-2018 10:02:53 UTC] PHP   2. run() /home/ubuntu/workspace/trollwebs-backend-test/exercise1/index.php:4
[19-Feb-2018 10:03:44 UTC] PHP Warning:  include(pages/404.php): failed to open stream: No such file or directory in /home/ubuntu/workspace/trollwebs-backend-test/exercise1/functions.php on line 59
[19-Feb-2018 10:03:44 UTC] PHP Stack trace:
[19-Feb-2018 10:03:44 UTC] PHP   1. {main}() /home/ubuntu/workspace/trollwebs-backend-test/exercise1/index.php:0
[19-Feb-2018 10:03:44 UTC] PHP   2. run() /home/ubuntu/workspace/trollwebs-backend-test/exercise1/index.php:4
[19-Feb-2018 10:03:44 UTC] PHP   3. include() /home/ubuntu/workspace/trollwebs-backend-test/exercise1/functions.php:68
[19-Feb-2018 10:03:44 UTC] PHP   4. pageContent() /home/ubuntu/workspace/trollwebs-backend-test/exercise1/templates/template.php:21
[19-Feb-2018 10:03:44 UTC] PHP Warning:  include(): Failed opening 'pages/404.php' for inclusion (include_path='.:/usr/share/php:/usr/share/pear') in /home/ubuntu/workspace/trollwebs-backend-test/exercise1/functions.php on line 59
[19-Feb-2018 10:03:44 UTC] PHP Stack trace:
[19-Feb-2018 10:03:44 UTC] PHP   1. {main}() /home/ubuntu/workspace/trollwebs-backend-test/exercise1/index.php:0
[19-Feb-2018 10:03:44 UTC] PHP   2. run() /home/ubuntu/workspace/trollwebs-backend-test/exercise1/index.php:4
[19-Feb-2018 10:03:44 UTC] PHP   3. include() /home/ubuntu/workspace/trollwebs-backend-test/exercise1/functions.php:68
[19-Feb-2018 10:03:44 UTC] PHP   4. pageContent() /home/ubuntu/workspace/trollwebs-backend-test/exercise1/templates/template.php:21
[20-Feb-2018 09:52:39 UTC] PHP Fatal error:  Can't use function return value in write context in /home/ubuntu/workspace/trollwebs-backend-test/exercise4/app.php on line 10
[20-Feb-2018 09:55:31 UTC] PHP Fatal error:  Can't use function return value in write context in /home/ubuntu/workspace/trollwebs-backend-test/exercise4/app.php on line 10
[20-Feb-2018 09:56:01 UTC] PHP Fatal error:  Can't use function return value in write context in /home/ubuntu/workspace/trollwebs-backend-test/exercise4/app.php on line 10
[20-Feb-2018 09:59:10 UTC] PHP Fatal error:  Can't use function return value in write context in /home/ubuntu/workspace/trollwebs-backend-test/exercise4/app.php on line 11
[20-Feb-2018 09:59:48 UTC] PHP Fatal error:  Can't use function return value in write context in /home/ubuntu/workspace/trollwebs-backend-test/exercise4/app.php on line 29
[20-Feb-2018 10:02:59 UTC] PHP Fatal error:  Can't use function return value in write context in /home/ubuntu/workspace/trollwebs-backend-test/exercise4/app.php on line 29
[20-Feb-2018 10:03:12 UTC] PHP Fatal error:  Can't use function return value in write context in /home/ubuntu/workspace/trollwebs-backend-test/exercise4/app.php on line 10
[20-Feb-2018 10:05:29 UTC] PHP Fatal error:  Can't use function return value in write context in /home/ubuntu/workspace/trollwebs-backend-test/exercise4/app.php on line 10
[20-Feb-2018 10:05:39 UTC] PHP Fatal error:  Can't use function return value in write context in /home/ubuntu/workspace/trollwebs-backend-test/exercise4/app.php on line 10
[20-Feb-2018 10:06:29 UTC] PHP Fatal error:  Can't use function return value in write context in /home/ubuntu/workspace/trollwebs-backend-test/exercise4/app.php on line 10
[20-Feb-2018 10:06:52 UTC] PHP Fatal error:  Can't use function return value in write context in /home/ubuntu/workspace/trollwebs-backend-test/exercise4/app.php on line 8
[20-Feb-2018 10:37:51 UTC] PHP Warning:  implode(): Argument must be an array in /home/ubuntu/workspace/trollwebs-backend-test/exercise4/app.php on line 67
[20-Feb-2018 10:37:51 UTC] PHP Stack trace:
[20-Feb-2018 10:37:51 UTC] PHP   1. {main}() /home/ubuntu/workspace/trollwebs-backend-test/exercise4/app.php:0
[20-Feb-2018 10:37:51 UTC] PHP   2. mainmenu() /home/ubuntu/workspace/trollwebs-backend-test/exercise4/app.php:2
[20-Feb-2018 10:37:51 UTC] PHP   3. randomstr() /home/ubuntu/workspace/trollwebs-backend-test/exercise4/app.php:17
[20-Feb-2018 10:37:51 UTC] PHP   4. implode() /home/ubuntu/workspace/trollwebs-backend-test/exercise4/app.php:67
[20-Feb-2018 10:52:26 UTC] PHP Warning:  fclose() expects parameter 1 to be resource, null given in /home/ubuntu/workspace/trollwebs-backend-test/exercise4/app.php on line 35
[20-Feb-2018 10:52:26 UTC] PHP Stack trace:
[20-Feb-2018 10:52:26 UTC] PHP   1. {main}() /home/ubuntu/workspace/trollwebs-backend-test/exercise4/app.php:0
[20-Feb-2018 10:52:26 UTC] PHP   2. mainmenu() /home/ubuntu/workspace/trollwebs-backend-test/exercise4/app.php:2
[20-Feb-2018 10:52:26 UTC] PHP   3. askpword() /home/ubuntu/workspace/trollwebs-backend-test/exercise4/app.php:13
[20-Feb-2018 10:52:26 UTC] PHP   4. hasher() /home/ubuntu/workspace/trollwebs-backend-test/exercise4/app.php:29
[20-Feb-2018 10:52:26 UTC] PHP   5. fclose() /home/ubuntu/workspace/trollwebs-backend-test/exercise4/app.php:35
[20-Feb-2018 12:05:35 UTC] PHP Warning:  require(path/to/Carbon.php): failed to open stream: No such file or directory in /home/ubuntu/workspace/trollwebs-backend-test/exercise4/app.php on line 2
[20-Feb-2018 12:05:35 UTC] PHP Stack trace:
[20-Feb-2018 12:05:35 UTC] PHP   1. {main}() /home/ubuntu/workspace/trollwebs-backend-test/exercise4/app.php:0
[20-Feb-2018 12:05:35 UTC] PHP Fatal error:  require(): Failed opening required 'path/to/Carbon.php' (include_path='.:/usr/share/php:/usr/share/pear') in /home/ubuntu/workspace/trollwebs-backend-test/exercise4/app.php on line 2
[20-Feb-2018 12:05:35 UTC] PHP Stack trace:
[20-Feb-2018 12:05:35 UTC] PHP   1. {main}() /home/ubuntu/workspace/trollwebs-backend-test/exercise4/app.php:0
[20-Feb-2018 12:06:31 UTC] PHP Warning:  require(Carbon.php): failed to open stream: No such file or directory in /home/ubuntu/workspace/trollwebs-backend-test/exercise4/app.php on line 2
[20-Feb-2018 12:06:31 UTC] PHP Stack trace:
[20-Feb-2018 12:06:31 UTC] PHP   1. {main}() /home/ubuntu/workspace/trollwebs-backend-test/exercise4/app.php:0
[20-Feb-2018 12:06:31 UTC] PHP Fatal error:  require(): Failed opening required 'Carbon.php' (include_path='.:/usr/share/php:/usr/share/pear') in /home/ubuntu/workspace/trollwebs-backend-test/exercise4/app.php on line 2
[20-Feb-2018 12:06:31 UTC] PHP Stack trace:
[20-Feb-2018 12:06:31 UTC] PHP   1. {main}() /home/ubuntu/workspace/trollwebs-backend-test/exercise4/app.php:0
[20-Feb-2018 12:06:43 UTC] PHP Warning:  The use statement with non-compound name 'Carbon' has no effect in /home/ubuntu/workspace/trollwebs-backend-test/exercise4/app.php on line 4
[20-Feb-2018 12:06:43 UTC] PHP Warning:  require(Carbon.php): failed to open stream: No such file or directory in /home/ubuntu/workspace/trollwebs-backend-test/exercise4/app.php on line 2
[20-Feb-2018 12:06:43 UTC] PHP Stack trace:
[20-Feb-2018 12:06:43 UTC] PHP   1. {main}() /home/ubuntu/workspace/trollwebs-backend-test/exercise4/app.php:0
[20-Feb-2018 12:06:43 UTC] PHP Fatal error:  require(): Failed opening required 'Carbon.php' (include_path='.:/usr/share/php:/usr/share/pear') in /home/ubuntu/workspace/trollwebs-backend-test/exercise4/app.php on line 2
[20-Feb-2018 12:06:43 UTC] PHP Stack trace:
[20-Feb-2018 12:06:43 UTC] PHP   1. {main}() /home/ubuntu/workspace/trollwebs-backend-test/exercise4/app.php:0
[20-Feb-2018 12:06:55 UTC] PHP Warning:  The use statement with non-compound name 'Carbon' has no effect in /home/ubuntu/workspace/trollwebs-backend-test/exercise4/app.php on line 3
[20-Feb-2018 12:06:55 UTC] PHP Fatal error:  Class 'Carbon' not found in /home/ubuntu/workspace/trollwebs-backend-test/exercise4/app.php on line 5
[20-Feb-2018 12:06:55 UTC] PHP Stack trace:
[20-Feb-2018 12:06:55 UTC] PHP   1. {main}() /home/ubuntu/workspace/trollwebs-backend-test/exercise4/app.php:0
[20-Feb-2018 12:07:13 UTC] PHP Warning:  The use statement with non-compound name 'carbon' has no effect in /home/ubuntu/workspace/trollwebs-backend-test/exercise4/app.php on line 3
[20-Feb-2018 12:07:13 UTC] PHP Fatal error:  Class 'carbon' not found in /home/ubuntu/workspace/trollwebs-backend-test/exercise4/app.php on line 5
[20-Feb-2018 12:07:13 UTC] PHP Stack trace:
[20-Feb-2018 12:07:13 UTC] PHP   1. {main}() /home/ubuntu/workspace/trollwebs-backend-test/exercise4/app.php:0
[20-Feb-2018 12:24:16 UTC] PHP Fatal error:  Class 'Symfony\Component\Translation\Translator' not found in /home/ubuntu/workspace/trollwebs-backend-test/exercise4/carbon.php on line 1137
[20-Feb-2018 12:24:16 UTC] PHP Stack trace:
[20-Feb-2018 12:24:16 UTC] PHP   1. {main}() /home/ubuntu/workspace/trollwebs-backend-test/exercise4/app.php:0
[20-Feb-2018 12:24:16 UTC] PHP   2. mainmenu() /home/ubuntu/workspace/trollwebs-backend-test/exercise4/app.php:7
[20-Feb-2018 12:24:16 UTC] PHP   3. datestamp() /home/ubuntu/workspace/trollwebs-backend-test/exercise4/app.php:21
[20-Feb-2018 12:24:16 UTC] PHP   4. timediff() /home/ubuntu/workspace/trollwebs-backend-test/exercise4/app.php:71
[20-Feb-2018 12:24:16 UTC] PHP   5. Carbon\Carbon->diffForHumans() /home/ubuntu/workspace/trollwebs-backend-test/exercise4/app.php:76
[20-Feb-2018 12:24:16 UTC] PHP   6. Carbon\Carbon::translator() /home/ubuntu/workspace/trollwebs-backend-test/exercise4/carbon.php:2881
[20-Feb-2018 12:48:09 UTC] PHP Fatal error:  Call to a member function diffForHumans() on a non-object in /home/ubuntu/workspace/trollwebs-backend-test/exercise4/app.php on line 74
[20-Feb-2018 12:48:09 UTC] PHP Stack trace:
[20-Feb-2018 12:48:09 UTC] PHP   1. {main}() /home/ubuntu/workspace/trollwebs-backend-test/exercise4/app.php:0
[20-Feb-2018 12:48:09 UTC] PHP   2. mainmenu() /home/ubuntu/workspace/trollwebs-backend-test/exercise4/app.php:8
[20-Feb-2018 12:48:09 UTC] PHP   3. datestamp() /home/ubuntu/workspace/trollwebs-backend-test/exercise4/app.php:22
[20-Feb-2018 12:48:54 UTC] PHP Fatal error:  Call to a member function diffForHumans() on a non-object in /home/ubuntu/workspace/trollwebs-backend-test/exercise4/app.php on line 74
[20-Feb-2018 12:48:54 UTC] PHP Stack trace:
[20-Feb-2018 12:48:54 UTC] PHP   1. {main}() /home/ubuntu/workspace/trollwebs-backend-test/exercise4/app.php:0
[20-Feb-2018 12:48:54 UTC] PHP   2. mainmenu() /home/ubuntu/workspace/trollwebs-backend-test/exercise4/app.php:8
[20-Feb-2018 12:48:54 UTC] PHP   3. datestamp() /home/ubuntu/workspace/trollwebs-backend-test/exercise4/app.php:22
[20-Feb-2018 12:49:14 UTC] PHP Fatal error:  Call to a member function diffForHumans() on a non-object in /home/ubuntu/workspace/trollwebs-backend-test/exercise4/app.php on line 74
[20-Feb-2018 12:49:14 UTC] PHP Stack trace:
[20-Feb-2018 12:49:14 UTC] PHP   1. {main}() /home/ubuntu/workspace/trollwebs-backend-test/exercise4/app.php:0
[20-Feb-2018 12:49:14 UTC] PHP   2. mainmenu() /home/ubuntu/workspace/trollwebs-backend-test/exercise4/app.php:8
[20-Feb-2018 12:49:14 UTC] PHP   3. datestamp() /home/ubuntu/workspace/trollwebs-backend-test/exercise4/app.php:22
[20-Feb-2018 12:56:36 UTC] PHP Fatal error:  Call to a member function input() on a non-object in /home/ubuntu/workspace/trollwebs-backend-test/exercise4/scratch.php on line 9
[20-Feb-2018 12:56:36 UTC] PHP Stack trace:
[20-Feb-2018 12:56:36 UTC] PHP   1. {main}() /home/ubuntu/workspace/trollwebs-backend-test/exercise4/scratch.php:0
[20-Feb-2018 12:57:15 UTC] PHP Fatal error:  Call to a member function input() on a non-object in /home/ubuntu/workspace/trollwebs-backend-test/exercise4/scratch.php on line 9
[20-Feb-2018 12:57:15 UTC] PHP Stack trace:
[20-Feb-2018 12:57:15 UTC] PHP   1. {main}() /home/ubuntu/workspace/trollwebs-backend-test/exercise4/scratch.php:0
[20-Feb-2018 12:58:00 UTC] PHP Fatal error:  Call to a member function input() on a non-object in /home/ubuntu/workspace/trollwebs-backend-test/exercise4/scratch.php on line 9
[20-Feb-2018 12:58:00 UTC] PHP Stack trace:
[20-Feb-2018 12:58:00 UTC] PHP   1. {main}() /home/ubuntu/workspace/trollwebs-backend-test/exercise4/scratch.php:0
[20-Feb-2018 12:58:27 UTC] PHP Fatal error:  Call to a member function date() on a non-object in /home/ubuntu/workspace/trollwebs-backend-test/exercise4/scratch.php on line 9
[20-Feb-2018 12:58:27 UTC] PHP Stack trace:
[20-Feb-2018 12:58:27 UTC] PHP   1. {main}() /home/ubuntu/workspace/trollwebs-backend-test/exercise4/scratch.php:0
[20-Feb-2018 12:58:35 UTC] PHP Fatal error:  Call to a member function date() on a non-object in /home/ubuntu/workspace/trollwebs-backend-test/exercise4/scratch.php on line 9
[20-Feb-2018 12:58:35 UTC] PHP Stack trace:
[20-Feb-2018 12:58:35 UTC] PHP   1. {main}() /home/ubuntu/workspace/trollwebs-backend-test/exercise4/scratch.php:0
[20-Feb-2018 12:58:51 UTC] PHP Fatal error:  Call to undefined function dd() in /home/ubuntu/workspace/trollwebs-backend-test/exercise4/scratch.php on line 10
[20-Feb-2018 12:58:51 UTC] PHP Stack trace:
[20-Feb-2018 12:58:51 UTC] PHP   1. {main}() /home/ubuntu/workspace/trollwebs-backend-test/exercise4/scratch.php:0
[20-Feb-2018 12:59:02 UTC] PHP Fatal error:  Call to undefined function dd() in /home/ubuntu/workspace/trollwebs-backend-test/exercise4/scratch.php on line 10
[20-Feb-2018 12:59:02 UTC] PHP Stack trace:
[20-Feb-2018 12:59:02 UTC] PHP   1. {main}() /home/ubuntu/workspace/trollwebs-backend-test/exercise4/scratch.php:0
[20-Feb-2018 12:59:06 UTC] PHP Fatal error:  Call to undefined function dd() in /home/ubuntu/workspace/trollwebs-backend-test/exercise4/scratch.php on line 10
[20-Feb-2018 12:59:06 UTC] PHP Stack trace:
[20-Feb-2018 12:59:06 UTC] PHP   1. {main}() /home/ubuntu/workspace/trollwebs-backend-test/exercise4/scratch.php:0
[20-Feb-2018 12:59:15 UTC] PHP Catchable fatal error:  Argument 1 passed to Carbon\Carbon::diffInDays() must be an instance of Carbon\Carbon, string given, called in /home/ubuntu/workspace/trollwebs-backend-test/exercise4/scratch.php on line 13 and defined in /home/ubuntu/workspace/trollwebs-backend-test/exercise4/vendor/nesbot/carbon/src/Carbon/Carbon.php on line 2605
[20-Feb-2018 12:59:15 UTC] PHP Stack trace:
[20-Feb-2018 12:59:15 UTC] PHP   1. {main}() /home/ubuntu/workspace/trollwebs-backend-test/exercise4/scratch.php:0
[20-Feb-2018 12:59:15 UTC] PHP   2. Carbon\Carbon->diffInDays() /home/ubuntu/workspace/trollwebs-backend-test/exercise4/scratch.php:13
[20-Feb-2018 13:00:32 UTC] PHP Fatal error:  Call to a member function input() on a non-object in /home/ubuntu/workspace/trollwebs-backend-test/exercise4/scratch.php on line 9
[20-Feb-2018 13:00:32 UTC] PHP Stack trace:
[20-Feb-2018 13:00:32 UTC] PHP   1. {main}() /home/ubuntu/workspace/trollwebs-backend-test/exercise4/scratch.php:0
[20-Feb-2018 13:03:20 UTC] PHP Warning:  Missing argument 1 for Carbon\Carbon::year(), called in /home/ubuntu/workspace/trollwebs-backend-test/exercise4/scratch.php on line 11 and defined in /home/ubuntu/workspace/trollwebs-backend-test/exercise4/vendor/nesbot/carbon/src/Carbon/Carbon.php on line 769
[20-Feb-2018 13:03:20 UTC] PHP Stack trace:
[20-Feb-2018 13:03:20 UTC] PHP   1. {main}() /home/ubuntu/workspace/trollwebs-backend-test/exercise4/scratch.php:0
[20-Feb-2018 13:03:20 UTC] PHP   2. Carbon\Carbon->year() /home/ubuntu/workspace/trollwebs-backend-test/exercise4/scratch.php:11
[20-Feb-2018 13:03:20 UTC] PHP Warning:  Missing argument 1 for Carbon\Carbon::month(), called in /home/ubuntu/workspace/trollwebs-backend-test/exercise4/scratch.php on line 11 and defined in /home/ubuntu/workspace/trollwebs-backend-test/exercise4/vendor/nesbot/carbon/src/Carbon/Carbon.php on line 783
[20-Feb-2018 13:03:20 UTC] PHP Stack trace:
[20-Feb-2018 13:03:20 UTC] PHP   1. {main}() /home/ubuntu/workspace/trollwebs-backend-test/exercise4/scratch.php:0
[20-Feb-2018 13:03:20 UTC] PHP   2. Carbon\Carbon->month() /home/ubuntu/workspace/trollwebs-backend-test/exercise4/scratch.php:11
[20-Feb-2018 13:03:20 UTC] PHP Warning:  Missing argument 1 for Carbon\Carbon::day(), called in /home/ubuntu/workspace/trollwebs-backend-test/exercise4/scratch.php on line 11 and defined in /home/ubuntu/workspace/trollwebs-backend-test/exercise4/vendor/nesbot/carbon/src/Carbon/Carbon.php on line 797
[20-Feb-2018 13:03:20 UTC] PHP Stack trace:
[20-Feb-2018 13:03:20 UTC] PHP   1. {main}() /home/ubuntu/workspace/trollwebs-backend-test/exercise4/scratch.php:0
[20-Feb-2018 13:03:20 UTC] PHP   2. Carbon\Carbon->day() /home/ubuntu/workspace/trollwebs-backend-test/exercise4/scratch.php:11
[20-Feb-2018 13:03:20 UTC] PHP Warning:  DateTime::setDate() expects parameter 1 to be long, string given in /home/ubuntu/workspace/trollwebs-backend-test/exercise4/vendor/nesbot/carbon/src/Carbon/Carbon.php on line 863
[20-Feb-2018 13:03:20 UTC] PHP Stack trace:
[20-Feb-2018 13:03:20 UTC] PHP   1. {main}() /home/ubuntu/workspace/trollwebs-backend-test/exercise4/scratch.php:0
[20-Feb-2018 13:03:20 UTC] PHP   2. Carbon\Carbon->day() /home/ubuntu/workspace/trollwebs-backend-test/exercise4/scratch.php:11
[20-Feb-2018 13:03:20 UTC] PHP   3. Carbon\Carbon->__set() /home/ubuntu/workspace/trollwebs-backend-test/exercise4/scratch.php:799
[20-Feb-2018 13:03:20 UTC] PHP   4. Carbon\Carbon->setDateTime() /home/ubuntu/workspace/trollwebs-backend-test/exercise4/vendor/nesbot/carbon/src/Carbon/Carbon.php:745
[20-Feb-2018 13:03:20 UTC] PHP   5. Carbon\Carbon->setDate() /home/ubuntu/workspace/trollwebs-backend-test/exercise4/vendor/nesbot/carbon/src/Carbon/Carbon.php:880
[20-Feb-2018 13:03:20 UTC] PHP   6. DateTime->setDate() /home/ubuntu/workspace/trollwebs-backend-test/exercise4/vendor/nesbot/carbon/src/Carbon/Carbon.php:863
[20-Feb-2018 13:03:20 UTC] PHP Fatal error:  Call to a member function setTime() on a non-object in /home/ubuntu/workspace/trollwebs-backend-test/exercise4/vendor/nesbot/carbon/src/Carbon/Carbon.php on line 880
[20-Feb-2018 13:03:20 UTC] PHP Stack trace:
[20-Feb-2018 13:03:20 UTC] PHP   1. {main}() /home/ubuntu/workspace/trollwebs-backend-test/exercise4/scratch.php:0
[20-Feb-2018 13:03:20 UTC] PHP   2. Carbon\Carbon->day() /home/ubuntu/workspace/trollwebs-backend-test/exercise4/scratch.php:11
[20-Feb-2018 13:03:20 UTC] PHP   3. Carbon\Carbon->__set() /home/ubuntu/workspace/trollwebs-backend-test/exercise4/scratch.php:799
[20-Feb-2018 13:03:20 UTC] PHP   4. Carbon\Carbon->setDateTime() /home/ubuntu/workspace/trollwebs-backend-test/exercise4/vendor/nesbot/carbon/src/Carbon/Carbon.php:745
[20-Feb-2018 13:06:24 UTC] PHP Warning:  Missing argument 1 for Carbon\Carbon::year(), called in /home/ubuntu/workspace/trollwebs-backend-test/exercise4/scratch.php on line 11 and defined in /home/ubuntu/workspace/trollwebs-backend-test/exercise4/vendor/nesbot/carbon/src/Carbon/Carbon.php on line 769
[20-Feb-2018 13:06:24 UTC] PHP Stack trace:
[20-Feb-2018 13:06:24 UTC] PHP   1. {main}() /home/ubuntu/workspace/trollwebs-backend-test/exercise4/scratch.php:0
[20-Feb-2018 13:06:24 UTC] PHP   2. Carbon\Carbon->year() /home/ubuntu/workspace/trollwebs-backend-test/exercise4/scratch.php:11
[20-Feb-2018 13:06:24 UTC] PHP Warning:  Missing argument 1 for Carbon\Carbon::month(), called in /home/ubuntu/workspace/trollwebs-backend-test/exercise4/scratch.php on line 11 and defined in /home/ubuntu/workspace/trollwebs-backend-test/exercise4/vendor/nesbot/carbon/src/Carbon/Carbon.php on line 783
[20-Feb-2018 13:06:24 UTC] PHP Stack trace:
[20-Feb-2018 13:06:24 UTC] PHP   1. {main}() /home/ubuntu/workspace/trollwebs-backend-test/exercise4/scratch.php:0
[20-Feb-2018 13:06:24 UTC] PHP   2. Carbon\Carbon->month() /home/ubuntu/workspace/trollwebs-backend-test/exercise4/scratch.php:11
[20-Feb-2018 13:06:24 UTC] PHP Warning:  Missing argument 1 for Carbon\Carbon::day(), called in /home/ubuntu/workspace/trollwebs-backend-test/exercise4/scratch.php on line 11 and defined in /home/ubuntu/workspace/trollwebs-backend-test/exercise4/vendor/nesbot/carbon/src/Carbon/Carbon.php on line 797
[20-Feb-2018 13:06:24 UTC] PHP Stack trace:
[20-Feb-2018 13:06:24 UTC] PHP   1. {main}() /home/ubuntu/workspace/trollwebs-backend-test/exercise4/scratch.php:0
[20-Feb-2018 13:06:24 UTC] PHP   2. Carbon\Carbon->day() /home/ubuntu/workspace/trollwebs-backend-test/exercise4/scratch.php:11
[20-Feb-2018 13:06:24 UTC] PHP Warning:  DateTime::setDate() expects parameter 1 to be long, string given in /home/ubuntu/workspace/trollwebs-backend-test/exercise4/vendor/nesbot/carbon/src/Carbon/Carbon.php on line 863
[20-Feb-2018 13:06:24 UTC] PHP Stack trace:
[20-Feb-2018 13:06:24 UTC] PHP   1. {main}() /home/ubuntu/workspace/trollwebs-backend-test/exercise4/scratch.php:0
[20-Feb-2018 13:06:24 UTC] PHP   2. Carbon\Carbon->day() /home/ubuntu/workspace/trollwebs-backend-test/exercise4/scratch.php:11
[20-Feb-2018 13:06:24 UTC] PHP   3. Carbon\Carbon->__set() /home/ubuntu/workspace/trollwebs-backend-test/exercise4/scratch.php:799
[20-Feb-2018 13:06:24 UTC] PHP   4. Carbon\Carbon->setDateTime() /home/ubuntu/workspace/trollwebs-backend-test/exercise4/vendor/nesbot/carbon/src/Carbon/Carbon.php:745
[20-Feb-2018 13:06:24 UTC] PHP   5. Carbon\Carbon->setDate() /home/ubuntu/workspace/trollwebs-backend-test/exercise4/vendor/nesbot/carbon/src/Carbon/Carbon.php:880
[20-Feb-2018 13:06:24 UTC] PHP   6. DateTime->setDate() /home/ubuntu/workspace/trollwebs-backend-test/exercise4/vendor/nesbot/carbon/src/Carbon/Carbon.php:863
[20-Feb-2018 13:06:24 UTC] PHP Fatal error:  Call to a member function setTime() on a non-object in /home/ubuntu/workspace/trollwebs-backend-test/exercise4/vendor/nesbot/carbon/src/Carbon/Carbon.php on line 880
[20-Feb-2018 13:06:24 UTC] PHP Stack trace:
[20-Feb-2018 13:06:24 UTC] PHP   1. {main}() /home/ubuntu/workspace/trollwebs-backend-test/exercise4/scratch.php:0
[20-Feb-2018 13:06:24 UTC] PHP   2. Carbon\Carbon->day() /home/ubuntu/workspace/trollwebs-backend-test/exercise4/scratch.php:11
[20-Feb-2018 13:06:24 UTC] PHP   3. Carbon\Carbon->__set() /home/ubuntu/workspace/trollwebs-backend-test/exercise4/scratch.php:799
[20-Feb-2018 13:06:24 UTC] PHP   4. Carbon\Carbon->setDateTime() /home/ubuntu/workspace/trollwebs-backend-test/exercise4/vendor/nesbot/carbon/src/Carbon/Carbon.php:745
[20-Feb-2018 13:10:59 UTC] PHP Fatal error:  Call to a member function diffForHumans() on a non-object in /home/ubuntu/workspace/trollwebs-backend-test/exercise4/app.php on line 75
[20-Feb-2018 13:10:59 UTC] PHP Stack trace:
[20-Feb-2018 13:10:59 UTC] PHP   1. {main}() /home/ubuntu/workspace/trollwebs-backend-test/exercise4/app.php:0
[20-Feb-2018 13:10:59 UTC] PHP   2. mainmenu() /home/ubuntu/workspace/trollwebs-backend-test/exercise4/app.php:8
[20-Feb-2018 13:10:59 UTC] PHP   3. datestamp() /home/ubuntu/workspace/trollwebs-backend-test/exercise4/app.php:22
[20-Feb-2018 13:21:00 UTC] PHP Warning:  fclose(): 17 is not a valid stream resource in /home/ubuntu/workspace/trollwebs-backend-test/exercise4/app.php on line 82
[20-Feb-2018 13:21:00 UTC] PHP Stack trace:
[20-Feb-2018 13:21:00 UTC] PHP   1. {main}() /home/ubuntu/workspace/trollwebs-backend-test/exercise4/app.php:0
[20-Feb-2018 13:21:00 UTC] PHP   2. mainmenu() /home/ubuntu/workspace/trollwebs-backend-test/exercise4/app.php:8
[20-Feb-2018 13:21:00 UTC] PHP   3. datestamp() /home/ubuntu/workspace/trollwebs-backend-test/exercise4/app.php:22
[20-Feb-2018 13:21:00 UTC] PHP   4. fclose() /home/ubuntu/workspace/trollwebs-backend-test/exercise4/app.php:82
[20-Feb-2018 13:30:49 UTC] PHP Warning:  mktime() expects parameter 1 to be long, object given in /home/ubuntu/workspace/trollwebs-backend-test/exercise4/app.php on line 68
[20-Feb-2018 13:30:49 UTC] PHP Stack trace:
[20-Feb-2018 13:30:49 UTC] PHP   1. {main}() /home/ubuntu/workspace/trollwebs-backend-test/exercise4/app.php:0
[20-Feb-2018 13:30:49 UTC] PHP   2. mainmenu() /home/ubuntu/workspace/trollwebs-backend-test/exercise4/app.php:8
[20-Feb-2018 13:30:49 UTC] PHP   3. datestamp() /home/ubuntu/workspace/trollwebs-backend-test/exercise4/app.php:22
[20-Feb-2018 13:30:49 UTC] PHP   4. mktime() /home/ubuntu/workspace/trollwebs-backend-test/exercise4/app.php:68
[20-Feb-2018 13:34:51 UTC] PHP Fatal error:  Call to a member function subMonth() on a non-object in /home/ubuntu/workspace/trollwebs-backend-test/exercise4/app.php on line 72
[20-Feb-2018 13:34:51 UTC] PHP Stack trace:
[20-Feb-2018 13:34:51 UTC] PHP   1. {main}() /home/ubuntu/workspace/trollwebs-backend-test/exercise4/app.php:0
[20-Feb-2018 13:34:51 UTC] PHP   2. mainmenu() /home/ubuntu/workspace/trollwebs-backend-test/exercise4/app.php:8
[20-Feb-2018 13:34:51 UTC] PHP   3. datestamp() /home/ubuntu/workspace/trollwebs-backend-test/exercise4/app.php:22
[20-Feb-2018 13:37:19 UTC] PHP Catchable fatal error:  Argument 1 passed to Carbon\Carbon::diffForHumans() must be an instance of Carbon\Carbon, integer given, called in /home/ubuntu/workspace/trollwebs-backend-test/exercise4/app.php on line 75 and defined in /home/ubuntu/workspace/trollwebs-backend-test/exercise4/vendor/nesbot/carbon/src/Carbon/Carbon.php on line 2789
[20-Feb-2018 13:37:19 UTC] PHP Stack trace:
[20-Feb-2018 13:37:19 UTC] PHP   1. {main}() /home/ubuntu/workspace/trollwebs-backend-test/exercise4/app.php:0
[20-Feb-2018 13:37:19 UTC] PHP   2. mainmenu() /home/ubuntu/workspace/trollwebs-backend-test/exercise4/app.php:8
[20-Feb-2018 13:37:19 UTC] PHP   3. datestamp() /home/ubuntu/workspace/trollwebs-backend-test/exercise4/app.php:22
[20-Feb-2018 13:37:19 UTC] PHP   4. Carbon\Carbon->diffForHumans() /home/ubuntu/workspace/trollwebs-backend-test/exercise4/app.php:75
[20-Feb-2018 13:39:19 UTC] PHP Catchable fatal error:  Argument 1 passed to Carbon\Carbon::diffForHumans() must be an instance of Carbon\Carbon, string given, called in /home/ubuntu/workspace/trollwebs-backend-test/exercise4/app.php on line 75 and defined in /home/ubuntu/workspace/trollwebs-backend-test/exercise4/vendor/nesbot/carbon/src/Carbon/Carbon.php on line 2789
[20-Feb-2018 13:39:19 UTC] PHP Stack trace:
[20-Feb-2018 13:39:19 UTC] PHP   1. {main}() /home/ubuntu/workspace/trollwebs-backend-test/exercise4/app.php:0
[20-Feb-2018 13:39:19 UTC] PHP   2. mainmenu() /home/ubuntu/workspace/trollwebs-backend-test/exercise4/app.php:8
[20-Feb-2018 13:39:19 UTC] PHP   3. datestamp() /home/ubuntu/workspace/trollwebs-backend-test/exercise4/app.php:22
[20-Feb-2018 13:39:19 UTC] PHP   4. Carbon\Carbon->diffForHumans() /home/ubuntu/workspace/trollwebs-backend-test/exercise4/app.php:75
[20-Feb-2018 13:44:32 UTC] PHP Parse error:  syntax error, unexpected 'echo' (T_ECHO), expecting ',' or ';' in /home/ubuntu/workspace/trollwebs-backend-test/exercise4/app.php on line 77
[20-Feb-2018 19:00:01 UTC] PHP Warning:  date_format() expects parameter 1 to be DateTimeInterface, null given in /home/ubuntu/workspace/trollwebs-backend-test/exercise4/app.php on line 82
[20-Feb-2018 19:00:01 UTC] PHP Stack trace:
[20-Feb-2018 19:00:01 UTC] PHP   1. {main}() /home/ubuntu/workspace/trollwebs-backend-test/exercise4/app.php:0
[20-Feb-2018 19:00:01 UTC] PHP   2. mainmenu() /home/ubuntu/workspace/trollwebs-backend-test/exercise4/app.php:8
[20-Feb-2018 19:00:01 UTC] PHP   3. timediff() /home/ubuntu/workspace/trollwebs-backend-test/exercise4/app.php:22
[20-Feb-2018 19:00:01 UTC] PHP   4. date_format() /home/ubuntu/workspace/trollwebs-backend-test/exercise4/app.php:82
[20-Feb-2018 19:00:01 UTC] PHP Fatal error:  Using $this when not in object context in /home/ubuntu/workspace/trollwebs-backend-test/exercise4/app.php on line 88
[20-Feb-2018 19:00:01 UTC] PHP Stack trace:
[20-Feb-2018 19:00:01 UTC] PHP   1. {main}() /home/ubuntu/workspace/trollwebs-backend-test/exercise4/app.php:0
[20-Feb-2018 19:00:01 UTC] PHP   2. mainmenu() /home/ubuntu/workspace/trollwebs-backend-test/exercise4/app.php:8
[20-Feb-2018 19:00:01 UTC] PHP   3. timediff() /home/ubuntu/workspace/trollwebs-backend-test/exercise4/app.php:22
[20-Feb-2018 19:00:01 UTC] PHP   4. getAge() /home/ubuntu/workspace/trollwebs-backend-test/exercise4/app.php:83
[20-Feb-2018 19:00:36 UTC] PHP Warning:  date_format() expects parameter 1 to be DateTimeInterface, null given in /home/ubuntu/workspace/trollwebs-backend-test/exercise4/app.php on line 82
[20-Feb-2018 19:00:36 UTC] PHP Stack trace:
[20-Feb-2018 19:00:36 UTC] PHP   1. {main}() /home/ubuntu/workspace/trollwebs-backend-test/exercise4/app.php:0
[20-Feb-2018 19:00:36 UTC] PHP   2. mainmenu() /home/ubuntu/workspace/trollwebs-backend-test/exercise4/app.php:8
[20-Feb-2018 19:00:36 UTC] PHP   3. timediff() /home/ubuntu/workspace/trollwebs-backend-test/exercise4/app.php:22
[20-Feb-2018 19:00:36 UTC] PHP   4. date_format() /home/ubuntu/workspace/trollwebs-backend-test/exercise4/app.php:82
[20-Feb-2018 19:02:13 UTC] PHP Fatal error:  Using $this when not in object context in /home/ubuntu/workspace/trollwebs-backend-test/exercise4/app.php on line 88
[20-Feb-2018 19:02:13 UTC] PHP Stack trace:
[20-Feb-2018 19:02:13 UTC] PHP   1. {main}() /home/ubuntu/workspace/trollwebs-backend-test/exercise4/app.php:0
[20-Feb-2018 19:02:13 UTC] PHP   2. mainmenu() /home/ubuntu/workspace/trollwebs-backend-test/exercise4/app.php:8
[20-Feb-2018 19:02:13 UTC] PHP   3. timediff() /home/ubuntu/workspace/trollwebs-backend-test/exercise4/app.php:22
[20-Feb-2018 19:02:13 UTC] PHP   4. getAge() /home/ubuntu/workspace/trollwebs-backend-test/exercise4/app.php:83
[20-Feb-2018 19:02:39 UTC] PHP Fatal error:  Using $this when not in object context in /home/ubuntu/workspace/trollwebs-backend-test/exercise4/app.php on line 88
[20-Feb-2018 19:02:39 UTC] PHP Stack trace:
[20-Feb-2018 19:02:39 UTC] PHP   1. {main}() /home/ubuntu/workspace/trollwebs-backend-test/exercise4/app.php:0
[20-Feb-2018 19:02:39 UTC] PHP   2. mainmenu() /home/ubuntu/workspace/trollwebs-backend-test/exercise4/app.php:8
[20-Feb-2018 19:02:39 UTC] PHP   3. timediff() /home/ubuntu/workspace/trollwebs-backend-test/exercise4/app.php:22
[20-Feb-2018 19:02:39 UTC] PHP   4. getAge() /home/ubuntu/workspace/trollwebs-backend-test/exercise4/app.php:83
[20-Feb-2018 19:06:31 UTC] PHP Warning:  date_format() expects parameter 1 to be DateTimeInterface, boolean given in /home/ubuntu/workspace/trollwebs-backend-test/exercise4/app.php on line 82
[20-Feb-2018 19:06:31 UTC] PHP Stack trace:
[20-Feb-2018 19:06:31 UTC] PHP   1. {main}() /home/ubuntu/workspace/trollwebs-backend-test/exercise4/app.php:0
[20-Feb-2018 19:06:31 UTC] PHP   2. mainmenu() /home/ubuntu/workspace/trollwebs-backend-test/exercise4/app.php:8
[20-Feb-2018 19:06:31 UTC] PHP   3. timediff() /home/ubuntu/workspace/trollwebs-backend-test/exercise4/app.php:22
[20-Feb-2018 19:06:31 UTC] PHP   4. date_format() /home/ubuntu/workspace/trollwebs-backend-test/exercise4/app.php:82
[20-Feb-2018 19:08:01 UTC] PHP Fatal error:  Using $this when not in object context in /home/ubuntu/workspace/trollwebs-backend-test/exercise4/app.php on line 88
[20-Feb-2018 19:08:01 UTC] PHP Stack trace:
[20-Feb-2018 19:08:01 UTC] PHP   1. {main}() /home/ubuntu/workspace/trollwebs-backend-test/exercise4/app.php:0
[20-Feb-2018 19:08:01 UTC] PHP   2. mainmenu() /home/ubuntu/workspace/trollwebs-backend-test/exercise4/app.php:8
[20-Feb-2018 19:08:01 UTC] PHP   3. timediff() /home/ubuntu/workspace/trollwebs-backend-test/exercise4/app.php:22
[20-Feb-2018 19:08:01 UTC] PHP   4. getAge() /home/ubuntu/workspace/trollwebs-backend-test/exercise4/app.php:83
[20-Feb-2018 19:08:58 UTC] PHP Catchable fatal error:  Argument 1 passed to Carbon\Carbon::diffForHumans() must be an instance of Carbon\Carbon, instance of DateTime given, called in /home/ubuntu/workspace/trollwebs-backend-test/exercise4/app.php on line 83 and defined in /home/ubuntu/workspace/trollwebs-backend-test/exercise4/vendor/nesbot/carbon/src/Carbon/Carbon.php on line 2789
[20-Feb-2018 19:08:58 UTC] PHP Stack trace:
[20-Feb-2018 19:08:58 UTC] PHP   1. {main}() /home/ubuntu/workspace/trollwebs-backend-test/exercise4/app.php:0
[20-Feb-2018 19:08:58 UTC] PHP   2. mainmenu() /home/ubuntu/workspace/trollwebs-backend-test/exercise4/app.php:8
[20-Feb-2018 19:08:58 UTC] PHP   3. timediff() /home/ubuntu/workspace/trollwebs-backend-test/exercise4/app.php:22
[20-Feb-2018 19:08:58 UTC] PHP   4. Carbon\Carbon->diffForHumans() /home/ubuntu/workspace/trollwebs-backend-test/exercise4/app.php:83
[20-Feb-2018 19:10:21 UTC] PHP Catchable fatal error:  Argument 1 passed to Carbon\Carbon::diffForHumans() must be an instance of Carbon\Carbon, instance of DateTime given, called in /home/ubuntu/workspace/trollwebs-backend-test/exercise4/app.php on line 83 and defined in /home/ubuntu/workspace/trollwebs-backend-test/exercise4/vendor/nesbot/carbon/src/Carbon/Carbon.php on line 2789
[20-Feb-2018 19:10:21 UTC] PHP Stack trace:
[20-Feb-2018 19:10:21 UTC] PHP   1. {main}() /home/ubuntu/workspace/trollwebs-backend-test/exercise4/app.php:0
[20-Feb-2018 19:10:21 UTC] PHP   2. mainmenu() /home/ubuntu/workspace/trollwebs-backend-test/exercise4/app.php:8
[20-Feb-2018 19:10:21 UTC] PHP   3. timediff() /home/ubuntu/workspace/trollwebs-backend-test/exercise4/app.php:22
[20-Feb-2018 19:10:21 UTC] PHP   4. Carbon\Carbon->diffForHumans() /home/ubuntu/workspace/trollwebs-backend-test/exercise4/app.php:83
[20-Feb-2018 19:13:39 UTC] PHP Fatal error:  Uncaught exception 'Exception' with message 'DateTime::__construct() expects parameter 1 to be string, object given' in /home/ubuntu/workspace/trollwebs-backend-test/exercise4/vendor/nesbot/carbon/src/Carbon/Carbon.php:291
Stack trace:
#0 /home/ubuntu/workspace/trollwebs-backend-test/exercise4/vendor/nesbot/carbon/src/Carbon/Carbon.php(291): DateTime->__construct(Object(DateTime), Object(DateTimeZone))
#1 /home/ubuntu/workspace/trollwebs-backend-test/exercise4/vendor/nesbot/carbon/src/Carbon/Carbon.php(324): Carbon\Carbon->__construct(Object(DateTime), NULL)
#2 /home/ubuntu/workspace/trollwebs-backend-test/exercise4/app.php(83): Carbon\Carbon::parse(Object(DateTime))
#3 /home/ubuntu/workspace/trollwebs-backend-test/exercise4/app.php(22): timediff()
#4 /home/ubuntu/workspace/trollwebs-backend-test/exercise4/app.php(8): mainmenu()
#5 {main}
  thrown in /home/ubuntu/workspace/trollwebs-backend-test/exercise4/vendor/nesbot/carbon/src/Carbon/Carbon.php on line 291
[20-Feb-2018 19:23:16 UTC] PHP Fatal error:  Uncaught exception 'InvalidArgumentException' with message 'Unexpected data found.
Unexpected data found.
Unexpected data found.' in /home/ubuntu/workspace/trollwebs-backend-test/exercise4/vendor/nesbot/carbon/src/Carbon/Carbon.php:582
Stack trace:
#0 /home/ubuntu/workspace/trollwebs-backend-test/exercise4/vendor/nesbot/carbon/src/Carbon/Carbon.php(465): Carbon\Carbon::createFromFormat('Y-n-j G:i:s', '1999?-9?-9? 19:...', NULL)
#1 /home/ubuntu/workspace/trollwebs-backend-test/exercise4/app.php(79): Carbon\Carbon::create('1999?', '9?', '9?')
#2 /home/ubuntu/workspace/trollwebs-backend-test/exercise4/app.php(22): timediff()
#3 /home/ubuntu/workspace/trollwebs-backend-test/exercise4/app.php(8): mainmenu()
#4 {main}
  thrown in /home/ubuntu/workspace/trollwebs-backend-test/exercise4/vendor/nesbot/carbon/src/Carbon/Carbon.php on line 582
[20-Feb-2018 19:32:47 UTC] PHP Parse error:  syntax error, unexpected 'echo' (T_ECHO), expecting ',' or ';' in /home/ubuntu/workspace/trollwebs-backend-test/exercise4/app.php on line 65
[20-Feb-2018 20:06:16 UTC] PHP Fatal error:  Function name must be a string in /home/ubuntu/workspace/trollwebs-backend-test/exercise4/app.php on line 110
[20-Feb-2018 20:06:16 UTC] PHP Stack trace:
[20-Feb-2018 20:06:16 UTC] PHP   1. {main}() /home/ubuntu/workspace/trollwebs-backend-test/exercise4/app.php:0
[20-Feb-2018 20:06:16 UTC] PHP   2. mainmenu() /home/ubuntu/workspace/trollwebs-backend-test/exercise4/app.php:8
[20-Feb-2018 20:06:16 UTC] PHP   3. timediff() /home/ubuntu/workspace/trollwebs-backend-test/exercise4/app.php:22
[20-Feb-2018 20:06:16 UTC] PHP   4. validday() /home/ubuntu/workspace/trollwebs-backend-test/exercise4/app.php:68
