[19-Feb-2018 10:31:20 UTC] PHP Fatal error:  Uncaught exception 'PDOException' with message 'SQLSTATE[HY000] [1045] Access denied for user 'username'@'localhost' (using password: YES)' in /home/ubuntu/workspace/trollwebs-backend-test/exercise2/sample/simple-blog-part-1-build/includes/config.php:11
Stack trace:
#0 /home/ubuntu/workspace/trollwebs-backend-test/exercise2/sample/simple-blog-part-1-build/includes/config.php(11): PDO->__construct('mysql:host=loca...', 'username', 'password')
#1 /home/ubuntu/workspace/trollwebs-backend-test/exercise2/sample/simple-blog-part-1-build/index.php(1): require('/home/ubuntu/wo...')
#2 {main}
  thrown in /home/ubuntu/workspace/trollwebs-backend-test/exercise2/sample/simple-blog-part-1-build/includes/config.php on line 11
[19-Feb-2018 10:38:31 UTC] PHP Warning:  mysqli_connect(): (HY000/1045): Access denied for user 'your_username'@'localhost' (using password: NO) in /home/ubuntu/workspace/trollwebs-backend-test/exercise2/sample/simple-blog-part-1-build/includes/config.php on line 13
[19-Feb-2018 10:38:31 UTC] PHP Stack trace:
[19-Feb-2018 10:38:31 UTC] PHP   1. {main}() /home/ubuntu/workspace/trollwebs-backend-test/exercise2/sample/simple-blog-part-1-build/index.php:0
[19-Feb-2018 10:38:31 UTC] PHP   2. require() /home/ubuntu/workspace/trollwebs-backend-test/exercise2/sample/simple-blog-part-1-build/index.php:1
[19-Feb-2018 10:38:31 UTC] PHP   3. mysqli_connect() /home/ubuntu/workspace/trollwebs-backend-test/exercise2/sample/simple-blog-part-1-build/includes/config.php:13
[19-Feb-2018 10:38:51 UTC] PHP Warning:  mysqli_connect(): (HY000/1045): Access denied for user 'your_username'@'localhost' (using password: NO) in /home/ubuntu/workspace/trollwebs-backend-test/exercise2/sample/simple-blog-part-1-build/includes/config.php on line 13
[19-Feb-2018 10:38:51 UTC] PHP Stack trace:
[19-Feb-2018 10:38:51 UTC] PHP   1. {main}() /home/ubuntu/workspace/trollwebs-backend-test/exercise2/sample/simple-blog-part-1-build/index.php:0
[19-Feb-2018 10:38:51 UTC] PHP   2. require() /home/ubuntu/workspace/trollwebs-backend-test/exercise2/sample/simple-blog-part-1-build/index.php:1
[19-Feb-2018 10:38:51 UTC] PHP   3. mysqli_connect() /home/ubuntu/workspace/trollwebs-backend-test/exercise2/sample/simple-blog-part-1-build/includes/config.php:13
[19-Feb-2018 10:39:28 UTC] PHP Warning:  mysqli_connect(): (HY000/1045): Access denied for user 'your_username'@'localhost' (using password: NO) in /home/ubuntu/workspace/trollwebs-backend-test/exercise2/sample/simple-blog-part-1-build/includes/config.php on line 13
[19-Feb-2018 10:39:28 UTC] PHP Stack trace:
[19-Feb-2018 10:39:28 UTC] PHP   1. {main}() /home/ubuntu/workspace/trollwebs-backend-test/exercise2/sample/simple-blog-part-1-build/index.php:0
[19-Feb-2018 10:39:28 UTC] PHP   2. require() /home/ubuntu/workspace/trollwebs-backend-test/exercise2/sample/simple-blog-part-1-build/index.php:1
[19-Feb-2018 10:39:28 UTC] PHP   3. mysqli_connect() /home/ubuntu/workspace/trollwebs-backend-test/exercise2/sample/simple-blog-part-1-build/includes/config.php:13
[19-Feb-2018 10:39:54 UTC] PHP Warning:  mysqli_fetch_assoc() expects parameter 1 to be mysqli_result, boolean given in /home/ubuntu/workspace/trollwebs-backend-test/exercise2/sample/simple-blog-part-1-build/includes/config.php on line 18
[19-Feb-2018 10:39:54 UTC] PHP Stack trace:
[19-Feb-2018 10:39:54 UTC] PHP   1. {main}() /home/ubuntu/workspace/trollwebs-backend-test/exercise2/sample/simple-blog-part-1-build/index.php:0
[19-Feb-2018 10:39:54 UTC] PHP   2. require() /home/ubuntu/workspace/trollwebs-backend-test/exercise2/sample/simple-blog-part-1-build/index.php:1
[19-Feb-2018 10:39:54 UTC] PHP   3. mysqli_fetch_assoc() /home/ubuntu/workspace/trollwebs-backend-test/exercise2/sample/simple-blog-part-1-build/includes/config.php:18
[19-Feb-2018 10:39:54 Europe/London] PHP Fatal error:  Call to a member function query() on a non-object in /home/ubuntu/workspace/trollwebs-backend-test/exercise2/sample/simple-blog-part-1-build/index.php on line 20
[19-Feb-2018 10:39:54 Europe/London] PHP Stack trace:
[19-Feb-2018 10:39:54 Europe/London] PHP   1. {main}() /home/ubuntu/workspace/trollwebs-backend-test/exercise2/sample/simple-blog-part-1-build/index.php:0
[19-Feb-2018 10:45:11 Europe/London] PHP Fatal error:  Call to a member function query() on a non-object in /home/ubuntu/workspace/trollwebs-backend-test/exercise2/sample/simple-blog-part-1-build/index.php on line 20
[19-Feb-2018 10:45:11 Europe/London] PHP Stack trace:
[19-Feb-2018 10:45:11 Europe/London] PHP   1. {main}() /home/ubuntu/workspace/trollwebs-backend-test/exercise2/sample/simple-blog-part-1-build/index.php:0
[19-Feb-2018 10:46:03 Europe/London] PHP Fatal error:  Call to a member function query() on a non-object in /home/ubuntu/workspace/trollwebs-backend-test/exercise2/sample/simple-blog-part-1-build/index.php on line 20
[19-Feb-2018 10:46:03 Europe/London] PHP Stack trace:
[19-Feb-2018 10:46:03 Europe/London] PHP   1. {main}() /home/ubuntu/workspace/trollwebs-backend-test/exercise2/sample/simple-blog-part-1-build/index.php:0
[19-Feb-2018 10:50:07 Europe/London] PHP Fatal error:  Call to a member function query() on a non-object in /home/ubuntu/workspace/trollwebs-backend-test/exercise2/sample/simple-blog-part-1-build/index.php on line 20
[19-Feb-2018 10:50:07 Europe/London] PHP Stack trace:
[19-Feb-2018 10:50:07 Europe/London] PHP   1. {main}() /home/ubuntu/workspace/trollwebs-backend-test/exercise2/sample/simple-blog-part-1-build/index.php:0
[19-Feb-2018 10:51:11 UTC] PHP Warning:  PDO::__construct(): php_network_getaddresses: getaddrinfo failed: Name or service not known in /home/ubuntu/workspace/trollwebs-backend-test/exercise2/sample/PHP-MVC-Blog-System/Engine/Db.php on line 16
[19-Feb-2018 10:51:11 UTC] PHP Stack trace:
[19-Feb-2018 10:51:11 UTC] PHP   1. {main}() /home/ubuntu/workspace/trollwebs-backend-test/exercise2/sample/PHP-MVC-Blog-System/index.php:0
[19-Feb-2018 10:51:11 UTC] PHP   2. TestProject\Engine\Router::run() /home/ubuntu/workspace/trollwebs-backend-test/exercise2/sample/PHP-MVC-Blog-System/index.php:30
[19-Feb-2018 10:51:11 UTC] PHP   3. TestProject\Controller\Blog->__construct() /home/ubuntu/workspace/trollwebs-backend-test/exercise2/sample/PHP-MVC-Blog-System/Engine/Router.php:23
[19-Feb-2018 10:51:11 UTC] PHP   4. TestProject\Model\Blog->__construct() /home/ubuntu/workspace/trollwebs-backend-test/exercise2/sample/PHP-MVC-Blog-System/Controller/Blog.php:28
[19-Feb-2018 10:51:11 UTC] PHP   5. TestProject\Engine\Db->__construct() /home/ubuntu/workspace/trollwebs-backend-test/exercise2/sample/PHP-MVC-Blog-System/Model/Blog.php:17
[19-Feb-2018 10:51:11 UTC] PHP   6. PDO->__construct() /home/ubuntu/workspace/trollwebs-backend-test/exercise2/sample/PHP-MVC-Blog-System/Engine/Db.php:16
[19-Feb-2018 10:55:31 Europe/London] PHP Fatal error:  Call to a member function query() on a non-object in /home/ubuntu/workspace/trollwebs-backend-test/exercise2/sample/simple-blog-part-1-build/index.php on line 20
[19-Feb-2018 10:55:31 Europe/London] PHP Stack trace:
[19-Feb-2018 10:55:31 Europe/London] PHP   1. {main}() /home/ubuntu/workspace/trollwebs-backend-test/exercise2/sample/simple-blog-part-1-build/index.php:0
[19-Feb-2018 10:55:44 Europe/London] PHP Fatal error:  Call to a member function query() on a non-object in /home/ubuntu/workspace/trollwebs-backend-test/exercise2/sample/simple-blog-part-1-build/index.php on line 20
[19-Feb-2018 10:55:44 Europe/London] PHP Stack trace:
[19-Feb-2018 10:55:44 Europe/London] PHP   1. {main}() /home/ubuntu/workspace/trollwebs-backend-test/exercise2/sample/simple-blog-part-1-build/index.php:0
[19-Feb-2018 10:56:23 Europe/London] PHP Fatal error:  Call to a member function query() on a non-object in /home/ubuntu/workspace/trollwebs-backend-test/exercise2/sample/simple-blog-part-1-build/index.php on line 20
[19-Feb-2018 10:56:23 Europe/London] PHP Stack trace:
[19-Feb-2018 10:56:23 Europe/London] PHP   1. {main}() /home/ubuntu/workspace/trollwebs-backend-test/exercise2/sample/simple-blog-part-1-build/index.php:0
[19-Feb-2018 10:56:27 Europe/London] PHP Fatal error:  Call to a member function query() on a non-object in /home/ubuntu/workspace/trollwebs-backend-test/exercise2/sample/simple-blog-part-1-build/index.php on line 20
[19-Feb-2018 10:56:27 Europe/London] PHP Stack trace:
[19-Feb-2018 10:56:27 Europe/London] PHP   1. {main}() /home/ubuntu/workspace/trollwebs-backend-test/exercise2/sample/simple-blog-part-1-build/index.php:0
[19-Feb-2018 11:03:05 Europe/London] PHP Fatal error:  Call to a member function query() on a non-object in /home/ubuntu/workspace/trollwebs-backend-test/exercise2/sample/simple-blog-part-1-build/index.php on line 20
[19-Feb-2018 11:03:05 Europe/London] PHP Stack trace:
[19-Feb-2018 11:03:05 Europe/London] PHP   1. {main}() /home/ubuntu/workspace/trollwebs-backend-test/exercise2/sample/simple-blog-part-1-build/index.php:0
[19-Feb-2018 11:08:03 Europe/London] PHP Fatal error:  Call to a member function query() on a non-object in /home/ubuntu/workspace/trollwebs-backend-test/exercise2/sample/simple-blog-part-1-build/index.php on line 20
[19-Feb-2018 11:08:03 Europe/London] PHP Stack trace:
[19-Feb-2018 11:08:03 Europe/London] PHP   1. {main}() /home/ubuntu/workspace/trollwebs-backend-test/exercise2/sample/simple-blog-part-1-build/index.php:0
[19-Feb-2018 12:24:39 UTC] PHP Fatal error:  Uncaught exception 'PDOException' with message 'SQLSTATE[HY000] [1045] Access denied for user 'username'@'localhost' (using password: YES)' in /home/ubuntu/workspace/trollwebs-backend-test/exercise2/sample/simple-blog-part-1-build/includes/config.php:17
Stack trace:
#0 /home/ubuntu/workspace/trollwebs-backend-test/exercise2/sample/simple-blog-part-1-build/includes/config.php(17): PDO->__construct('mysql:host=127....', 'username', 'password')
#1 /home/ubuntu/workspace/trollwebs-backend-test/exercise2/sample/simple-blog-part-1-build/index.php(1): require('/home/ubuntu/wo...')
#2 {main}
  thrown in /home/ubuntu/workspace/trollwebs-backend-test/exercise2/sample/simple-blog-part-1-build/includes/config.php on line 17
[19-Feb-2018 12:25:16 UTC] PHP Fatal error:  Uncaught exception 'PDOException' with message 'SQLSTATE[HY000] [1045] Access denied for user 'username'@'localhost' (using password: YES)' in /home/ubuntu/workspace/trollwebs-backend-test/exercise2/sample/simple-blog-part-1-build/includes/config.php:12
Stack trace:
#0 /home/ubuntu/workspace/trollwebs-backend-test/exercise2/sample/simple-blog-part-1-build/includes/config.php(12): PDO->__construct('mysql:host=127....', 'username', 'password')
#1 /home/ubuntu/workspace/trollwebs-backend-test/exercise2/sample/simple-blog-part-1-build/index.php(1): require('/home/ubuntu/wo...')
#2 {main}
  thrown in /home/ubuntu/workspace/trollwebs-backend-test/exercise2/sample/simple-blog-part-1-build/includes/config.php on line 12
